<?xml version="1.0" encoding="UTF-8"?>
<testsuite xmlns:xsi="http://www.w3.org/2001/XMLSchema-instance" xsi:noNamespaceSchemaLocation="https://maven.apache.org/surefire/maven-surefire-plugin/xsd/surefire-test-report.xsd" name="com.salary.controller.AnalyticsControllerTest" time="0.231" tests="4" errors="0" skipped="0" failures="0">
  <properties>
[...]
</properties>
  <testcase name="payrollCostByCountryReturnsList" classname="com.salary.controller.AnalyticsControllerTest" time="0.005"/>
  <testcase name="salaryDistributionByCountryReturnsList" classname="com.salary.controller.AnalyticsControllerTest" time="0.004"/>
  <testcase name="headcountByCountryReturnsList" classname="com.salary.controller.AnalyticsControllerTest" time="0.002"/>
  <testcase name="salaryByDepartmentReturnsAggregatedList" classname="com.salary.controller.AnalyticsControllerTest" time="0.003"/>
</testsuite>